  Cycle.cpp
F:\learning\大三下\软件工程\实验\second\intersect\second_work\node.h(11,35): warning C4099: “node”: 类型名称以前使用“class”现在使用的是“struct”
F:\learning\大三下\软件工程\实验\second\intersect\second_work\node.h(2): message : 参见“node”的声明
  line.cpp
F:\learning\大三下\软件工程\实验\second\intersect\second_work\node.h(11,35): warning C4099: “node”: 类型名称以前使用“class”现在使用的是“struct”
F:\learning\大三下\软件工程\实验\second\intersect\second_work\node.h(2): message : 参见“node”的声明
  lise.cpp
F:\learning\大三下\软件工程\实验\second\intersect\second_work\node.h(11,35): warning C4099: “node”: 类型名称以前使用“class”现在使用的是“struct”
F:\learning\大三下\软件工程\实验\second\intersect\second_work\node.h(2): message : 参见“node”的声明
  node.cpp
F:\learning\大三下\软件工程\实验\second\intersect\second_work\node.h(11,35): warning C4099: “node”: 类型名称以前使用“class”现在使用的是“struct”
F:\learning\大三下\软件工程\实验\second\intersect\second_work\node.h(2): message : 参见“node”的声明
  rays.cpp
F:\learning\大三下\软件工程\实验\second\intersect\second_work\node.h(11,35): warning C4099: “node”: 类型名称以前使用“class”现在使用的是“struct”
F:\learning\大三下\软件工程\实验\second\intersect\second_work\node.h(2): message : 参见“node”的声明
F:\learning\大三下\软件工程\实验\second\intersect\second_work\rays.cpp(58,73): warning C4101: “tmp”: 未引用的局部变量
  second_work.cpp
F:\learning\大三下\软件工程\实验\second\intersect\second_work\node.h(11,35): warning C4099: “node”: 类型名称以前使用“class”现在使用的是“struct”
F:\learning\大三下\软件工程\实验\second\intersect\second_work\node.h(2): message : 参见“node”的声明
  正在生成代码...
  second_work.vcxproj -> F:\learning\大三下\软件工程\实验\second\intersect\Debug\second_work.exe
